[debug] [2021-05-21T18:53:51.647Z] ----------------------------------------------------------------------
[debug] [2021-05-21T18:53:51.650Z] Command:       C:\Program Files\nodejs\node.exe C:\Users\suyas\AppData\Roaming\npm\node_modules\firebase-tools\lib\bin\firebase.js emulators:start
[debug] [2021-05-21T18:53:51.650Z] CLI Version:   9.11.0
[debug] [2021-05-21T18:53:51.650Z] Platform:      win32
[debug] [2021-05-21T18:53:51.651Z] Node Version:  v14.16.1
[debug] [2021-05-21T18:53:51.659Z] Time:          Sat May 22 2021 00:23:51 GMT+0530 (India Standard Time)
[debug] [2021-05-21T18:53:51.659Z] ----------------------------------------------------------------------
[debug] 
[debug] [2021-05-21T18:53:51.674Z] > command requires scopes: ["email","openid","https://www.googleapis.com/auth/cloudplatformprojects.readonly","https://www.googleapis.com/auth/firebase","https://www.googleapis.com/auth/cloud-platform"]
[debug] [2021-05-21T18:53:51.674Z] > authorizing via signed-in user (suyashgupta34604@gmail.com)
[info] i  emulators: Starting emulators: functions, hosting {"metadata":{"emulator":{"name":"hub"},"message":"Starting emulators: functions, hosting"}}
[debug] [2021-05-21T18:53:51.737Z] [hub] writing locator at C:\Users\suyas\AppData\Local\Temp\hub-challange-b7815.json
[warn] !  functions: The following emulators are not running, calls to these services from the Functions emulator will affect production: auth, firestore, database, pubsub, storage {"metadata":{"emulator":{"name":"functions"},"message":"The following emulators are not running, calls to these services from the Functions emulator will affect production: \u001b[1mauth, firestore, database, pubsub, storage\u001b[22m"}}
[warn] !  Your requested "node" version "12" doesn't match your global version "14" {"metadata":{"emulator":{"name":"functions"},"message":"Your requested \"node\" version \"12\" doesn't match your global version \"14\""}}
[debug] [2021-05-21T18:53:51.853Z] defaultcredentials: writing to file C:\Users\suyas\AppData\Roaming\firebase\suyashgupta34604_gmail_com_application_default_credentials.json
[debug] [2021-05-21T18:53:51.857Z] Setting GAC to C:\Users\suyas\AppData\Roaming\firebase\suyashgupta34604_gmail_com_application_default_credentials.json {"metadata":{"emulator":{"name":"functions"},"message":"Setting GAC to C:\\Users\\suyas\\AppData\\Roaming\\firebase\\suyashgupta34604_gmail_com_application_default_credentials.json"}}
[debug] [2021-05-21T18:53:51.863Z] > refreshing access token with scopes: []
[debug] [2021-05-21T18:53:51.864Z] >>> HTTP REQUEST POST https://www.googleapis.com/oauth2/v3/token  
 <request body omitted>
[debug] [2021-05-21T18:53:52.163Z] <<< HTTP RESPONSE 200 {"date":"Fri, 21 May 2021 18:53:52 GMT","pragma":"no-cache","cache-control":"no-cache, no-store, max-age=0, must-revalidate","expires":"Mon, 01 Jan 1990 00:00:00 GMT","content-type":"application/json; charset=utf-8","vary":"X-Origin, Referer, Origin,Accept-Encoding","server":"scaffolding on HTTPServer2","x-xss-protection":"0","x-frame-options":"SAMEORIGIN","x-content-type-options":"nosniff","alt-svc":"h3-29=\":443\"; ma=2592000,h3-T051=\":443\"; ma=2592000,h3-Q050=\":443\"; ma=2592000,h3-Q046=\":443\"; ma=2592000,h3-Q043=\":443\"; ma=2592000,quic=\":443\"; ma=2592000; v=\"46,43\"","accept-ranges":"none","transfer-encoding":"chunked"}
[debug] [2021-05-21T18:53:52.180Z] >>> [apiv2][query] GET https://firebase.googleapis.com/v1beta1/projects/challange-b7815/adminSdkConfig [none]
[debug] [2021-05-21T18:53:52.991Z] <<< [apiv2][status] GET https://firebase.googleapis.com/v1beta1/projects/challange-b7815/adminSdkConfig 200
[debug] [2021-05-21T18:53:52.991Z] <<< [apiv2][body] GET https://firebase.googleapis.com/v1beta1/projects/challange-b7815/adminSdkConfig {"projectId":"challange-b7815","storageBucket":"challange-b7815.appspot.com"}
[debug] [2021-05-21T18:53:53.021Z] >>> [apiv2][query] GET https://firebasehosting.googleapis.com/v1beta1/projects/challange-b7815/sites 
[debug] [2021-05-21T18:53:54.853Z] <<< [apiv2][status] GET https://firebasehosting.googleapis.com/v1beta1/projects/challange-b7815/sites 200
[debug] [2021-05-21T18:53:54.853Z] <<< [apiv2][body] GET https://firebasehosting.googleapis.com/v1beta1/projects/challange-b7815/sites {"sites":[{"name":"projects/576265888402/sites/challange-b7815","defaultUrl":"https://challange-b7815.web.app","appId":"1:576265888402:web:749924b6e30786f07ebc4b","type":"DEFAULT_SITE"}]}
[debug] [2021-05-21T18:53:54.853Z] >>> [apiv2][query] GET https://firebase.googleapis.com/v1beta1/projects/challange-b7815/webApps/1:576265888402:web:749924b6e30786f07ebc4b/config [none]
[debug] [2021-05-21T18:53:56.329Z] <<< [apiv2][status] GET https://firebase.googleapis.com/v1beta1/projects/challange-b7815/webApps/1:576265888402:web:749924b6e30786f07ebc4b/config 200
[debug] [2021-05-21T18:53:56.330Z] <<< [apiv2][body] GET https://firebase.googleapis.com/v1beta1/projects/challange-b7815/webApps/1:576265888402:web:749924b6e30786f07ebc4b/config {"projectId":"challange-b7815","appId":"1:576265888402:web:749924b6e30786f07ebc4b","storageBucket":"challange-b7815.appspot.com","apiKey":"AIzaSyAeOhDr9dUGEB6L5qaJ5xqgCER71ygUvBg","authDomain":"challange-b7815.firebaseapp.com","messagingSenderId":"576265888402","measurementId":"G-78HQV5RV85"}
[info] i  hosting: Serving hosting files from: build {"metadata":{"emulator":{"name":"hosting"},"message":"Serving hosting files from: \u001b[1mbuild\u001b[22m"}}
[info] +  hosting: Local server: http://localhost:5000 {"metadata":{"emulator":{"name":"hosting"},"message":"Local server: \u001b[4m\u001b[1mhttp://localhost:5000\u001b[22m\u001b[24m"}}
[info] i  ui: downloading ui-v1.5.0.zip... {"metadata":{"emulator":{"name":"ui"},"message":"downloading ui-v1.5.0.zip..."}}
[debug] [2021-05-21T18:53:56.387Z] >>> [apiv2][query] GET https://storage.googleapis.com/firebase-preview-drop/emulator/ui-v1.5.0.zip 
[debug] [2021-05-21T18:53:56.861Z] <<< [apiv2][status] GET https://storage.googleapis.com/firebase-preview-drop/emulator/ui-v1.5.0.zip 200
[debug] [2021-05-21T18:53:56.861Z] <<< [apiv2][body] GET https://storage.googleapis.com/firebase-preview-drop/emulator/ui-v1.5.0.zip [stream]
[debug] [2021-05-21T18:53:58.737Z] Ignoring unsupported arg: auto_download {"metadata":{"emulator":{"name":"ui"},"message":"Ignoring unsupported arg: auto_download"}}
[debug] [2021-05-21T18:53:58.737Z] Ignoring unsupported arg: port {"metadata":{"emulator":{"name":"ui"},"message":"Ignoring unsupported arg: port"}}
[debug] [2021-05-21T18:53:58.737Z] Starting Emulator UI with command {"binary":"node","args":["C:\\Users\\suyas\\.cache\\firebase\\emulators\\ui-v1.5.0\\server.bundle.js"],"optionalArgs":[],"joinArgs":false} {"metadata":{"emulator":{"name":"ui"},"message":"Starting Emulator UI with command {\"binary\":\"node\",\"args\":[\"C:\\\\Users\\\\suyas\\\\.cache\\\\firebase\\\\emulators\\\\ui-v1.5.0\\\\server.bundle.js\"],\"optionalArgs\":[],\"joinArgs\":false}"}}
[info] i  ui: Emulator UI logging to ui-debug.log {"metadata":{"emulator":{"name":"ui"},"message":"Emulator UI logging to \u001b[1mui-debug.log\u001b[22m"}}
[info] i  functions: Watching "C:\react folder\amazon-clone\functions" for Cloud Functions... {"metadata":{"emulator":{"name":"functions"},"message":"Watching \"C:\\react folder\\amazon-clone\\functions\" for Cloud Functions..."}}
[debug] [2021-05-21T18:53:59.057Z] [worker-pool] addWorker(~diagnostic~) {"metadata":{"emulator":{"name":"functions"},"message":"[worker-pool] addWorker(~diagnostic~)"}}
[debug] [2021-05-21T18:53:59.057Z] [worker-pool] Adding worker with key ~diagnostic~, total=1 {"metadata":{"emulator":{"name":"functions"},"message":"[worker-pool] Adding worker with key ~diagnostic~, total=1"}}
[debug] [2021-05-21T18:53:59.058Z] [worker-pool] submitWork(triggerId=) {"metadata":{"emulator":{"name":"functions"},"message":"[worker-pool] submitWork(triggerId=)"}}
[debug] [2021-05-21T18:53:59.060Z] [worker-~diagnostic~-eab86699-0308-4df8-9688-10c99e4dd35c]: Assigning socketPath: \\?\pipe\C:\react folder\amazon-clone\functions\14288 {"metadata":{"emulator":{"name":"functions"},"message":"[worker-~diagnostic~-eab86699-0308-4df8-9688-10c99e4dd35c]: Assigning socketPath: \\\\?\\pipe\\C:\\react folder\\amazon-clone\\functions\\14288"}}
[debug] [2021-05-21T18:53:59.061Z] [worker-~diagnostic~-eab86699-0308-4df8-9688-10c99e4dd35c]: BUSY {"metadata":{"emulator":{"name":"functions"},"message":"[worker-~diagnostic~-eab86699-0308-4df8-9688-10c99e4dd35c]: BUSY"}}
[debug] [2021-05-21T18:53:59.065Z] Web / API server started at http://localhost:4000
 {"metadata":{"emulator":{"name":"ui"},"message":"Web / API server started at http://localhost:4000\n"}}
[debug] [2021-05-21T18:53:59.602Z] [runtime-status] [14288] Functions runtime initialized. {"cwd":"C:\\react folder\\amazon-clone\\functions","node_version":"14.16.1"} {"metadata":{"emulator":{"name":"functions"},"message":"[runtime-status] [14288] Functions runtime initialized. {\"cwd\":\"C:\\\\react folder\\\\amazon-clone\\\\functions\",\"node_version\":\"14.16.1\"}"}}
[debug] [2021-05-21T18:53:59.606Z] [runtime-status] [14288] Disabled runtime features: undefined {"metadata":{"emulator":{"name":"functions"},"message":"[runtime-status] [14288] Disabled runtime features: undefined"}}
[debug] [2021-05-21T18:53:59.615Z] [runtime-status] [14288] Resolved module firebase-admin {"declared":true,"installed":true,"version":"9.8.0","resolution":"C:\\react folder\\amazon-clone\\functions\\node_modules\\firebase-admin\\lib\\index.js"} {"metadata":{"emulator":{"name":"functions"},"message":"[runtime-status] [14288] Resolved module firebase-admin {\"declared\":true,\"installed\":true,\"version\":\"9.8.0\",\"resolution\":\"C:\\\\react folder\\\\amazon-clone\\\\functions\\\\node_modules\\\\firebase-admin\\\\lib\\\\index.js\"}"}}
[debug] [2021-05-21T18:53:59.619Z] [runtime-status] [14288] Resolved module firebase-functions {"declared":true,"installed":true,"version":"3.14.1","resolution":"C:\\react folder\\amazon-clone\\functions\\node_modules\\firebase-functions\\lib\\index.js"} {"metadata":{"emulator":{"name":"functions"},"message":"[runtime-status] [14288] Resolved module firebase-functions {\"declared\":true,\"installed\":true,\"version\":\"3.14.1\",\"resolution\":\"C:\\\\react folder\\\\amazon-clone\\\\functions\\\\node_modules\\\\firebase-functions\\\\lib\\\\index.js\"}"}}
[debug] [2021-05-21T18:53:59.623Z] [runtime-status] [14288] Resolved module firebase-functions {"declared":true,"installed":true,"version":"3.14.1","resolution":"C:\\react folder\\amazon-clone\\functions\\node_modules\\firebase-functions\\lib\\index.js"} {"metadata":{"emulator":{"name":"functions"},"message":"[runtime-status] [14288] Resolved module firebase-functions {\"declared\":true,\"installed\":true,\"version\":\"3.14.1\",\"resolution\":\"C:\\\\react folder\\\\amazon-clone\\\\functions\\\\node_modules\\\\firebase-functions\\\\lib\\\\index.js\"}"}}
[debug] [2021-05-21T18:53:59.629Z] [runtime-status] [14288] Outgoing network have been stubbed. [{"name":"http","status":"mocked"},{"name":"http","status":"mocked"},{"name":"https","status":"mocked"},{"name":"https","status":"mocked"},{"name":"net","status":"mocked"}] {"metadata":{"emulator":{"name":"functions"},"message":"[runtime-status] [14288] Outgoing network have been stubbed. [{\"name\":\"http\",\"status\":\"mocked\"},{\"name\":\"http\",\"status\":\"mocked\"},{\"name\":\"https\",\"status\":\"mocked\"},{\"name\":\"https\",\"status\":\"mocked\"},{\"name\":\"net\",\"status\":\"mocked\"}]"}}
[debug] [2021-05-21T18:53:59.630Z] [runtime-status] [14288] Resolved module firebase-functions {"declared":true,"installed":true,"version":"3.14.1","resolution":"C:\\react folder\\amazon-clone\\functions\\node_modules\\firebase-functions\\lib\\index.js"} {"metadata":{"emulator":{"name":"functions"},"message":"[runtime-status] [14288] Resolved module firebase-functions {\"declared\":true,\"installed\":true,\"version\":\"3.14.1\",\"resolution\":\"C:\\\\react folder\\\\amazon-clone\\\\functions\\\\node_modules\\\\firebase-functions\\\\lib\\\\index.js\"}"}}
[debug] [2021-05-21T18:53:59.776Z] [runtime-status] [14288] Checked functions.config() {"config":{}} {"metadata":{"emulator":{"name":"functions"},"message":"[runtime-status] [14288] Checked functions.config() {\"config\":{}}"}}
[debug] [2021-05-21T18:53:59.777Z] [runtime-status] [14288] firebase-functions has been stubbed. {"functionsResolution":{"declared":true,"installed":true,"version":"3.14.1","resolution":"C:\\react folder\\amazon-clone\\functions\\node_modules\\firebase-functions\\lib\\index.js"}} {"metadata":{"emulator":{"name":"functions"},"message":"[runtime-status] [14288] firebase-functions has been stubbed. {\"functionsResolution\":{\"declared\":true,\"installed\":true,\"version\":\"3.14.1\",\"resolution\":\"C:\\\\react folder\\\\amazon-clone\\\\functions\\\\node_modules\\\\firebase-functions\\\\lib\\\\index.js\"}}"}}
[debug] [2021-05-21T18:53:59.778Z] [runtime-status] [14288] Resolved module firebase-functions {"declared":true,"installed":true,"version":"3.14.1","resolution":"C:\\react folder\\amazon-clone\\functions\\node_modules\\firebase-functions\\lib\\index.js"} {"metadata":{"emulator":{"name":"functions"},"message":"[runtime-status] [14288] Resolved module firebase-functions {\"declared\":true,\"installed\":true,\"version\":\"3.14.1\",\"resolution\":\"C:\\\\react folder\\\\amazon-clone\\\\functions\\\\node_modules\\\\firebase-functions\\\\lib\\\\index.js\"}"}}
[debug] [2021-05-21T18:53:59.780Z] [runtime-status] [14288] Resolved module firebase-admin {"declared":true,"installed":true,"version":"9.8.0","resolution":"C:\\react folder\\amazon-clone\\functions\\node_modules\\firebase-admin\\lib\\index.js"} {"metadata":{"emulator":{"name":"functions"},"message":"[runtime-status] [14288] Resolved module firebase-admin {\"declared\":true,\"installed\":true,\"version\":\"9.8.0\",\"resolution\":\"C:\\\\react folder\\\\amazon-clone\\\\functions\\\\node_modules\\\\firebase-admin\\\\lib\\\\index.js\"}"}}
[debug] [2021-05-21T18:53:59.781Z] [runtime-status] [14288] Resolved module firebase-functions {"declared":true,"installed":true,"version":"3.14.1","resolution":"C:\\react folder\\amazon-clone\\functions\\node_modules\\firebase-functions\\lib\\index.js"} {"metadata":{"emulator":{"name":"functions"},"message":"[runtime-status] [14288] Resolved module firebase-functions {\"declared\":true,\"installed\":true,\"version\":\"3.14.1\",\"resolution\":\"C:\\\\react folder\\\\amazon-clone\\\\functions\\\\node_modules\\\\firebase-functions\\\\lib\\\\index.js\"}"}}
[debug] [2021-05-21T18:53:59.782Z] [runtime-status] [14288] firebase-admin has been stubbed. {"adminResolution":{"declared":true,"installed":true,"version":"9.8.0","resolution":"C:\\react folder\\amazon-clone\\functions\\node_modules\\firebase-admin\\lib\\index.js"}} {"metadata":{"emulator":{"name":"functions"},"message":"[runtime-status] [14288] firebase-admin has been stubbed. {\"adminResolution\":{\"declared\":true,\"installed\":true,\"version\":\"9.8.0\",\"resolution\":\"C:\\\\react folder\\\\amazon-clone\\\\functions\\\\node_modules\\\\firebase-admin\\\\lib\\\\index.js\"}}"}}
[info] +  functions[api]: http function initialized (http://localhost:5001/challange-b7815/us-central1/api). {"metadata":{"emulator":{"name":"functions"},"message":"\u001b[1mhttp\u001b[22m function initialized (http://localhost:5001/challange-b7815/us-central1/api)."}}
[info] 
┌─────────────────────────────────────────────────────────────┐
│ ✔  All emulators ready! It is now safe to connect your app. │
│ i  View Emulator UI at http://localhost:4000                │
└─────────────────────────────────────────────────────────────┘

┌───────────┬────────────────┬─────────────────────────────────┐
│ Emulator  │ Host:Port      │ View in Emulator UI             │
├───────────┼────────────────┼─────────────────────────────────┤
│ Functions │ localhost:5001 │ http://localhost:4000/functions │
├───────────┼────────────────┼─────────────────────────────────┤
│ Hosting   │ localhost:5000 │ n/a                             │
└───────────┴────────────────┴─────────────────────────────────┘
  Emulator Hub running at localhost:4400
  Other reserved ports: 4500

Issues? Report them at https://github.com/firebase/firebase-tools/issues and attach the *-debug.log files.
 
[debug] [2021-05-21T18:54:00.311Z] [worker-~diagnostic~-eab86699-0308-4df8-9688-10c99e4dd35c]: IDLE {"metadata":{"emulator":{"name":"functions"},"message":"[worker-~diagnostic~-eab86699-0308-4df8-9688-10c99e4dd35c]: IDLE"}}
[debug] [2021-05-21T18:56:16.114Z] File C:\react folder\amazon-clone\functions\index.js changed, reloading triggers {"metadata":{"emulator":{"name":"functions"},"message":"File C:\\react folder\\amazon-clone\\functions\\index.js changed, reloading triggers"}}
[debug] [2021-05-21T18:56:17.127Z] [worker-pool] Shutting down IDLE worker (~diagnostic~) {"metadata":{"emulator":{"name":"functions"},"message":"[worker-pool] Shutting down IDLE worker (~diagnostic~)"}}
[debug] [2021-05-21T18:56:17.127Z] [worker-~diagnostic~-eab86699-0308-4df8-9688-10c99e4dd35c]: FINISHING {"metadata":{"emulator":{"name":"functions"},"message":"[worker-~diagnostic~-eab86699-0308-4df8-9688-10c99e4dd35c]: FINISHING"}}
[debug] [2021-05-21T18:56:17.138Z] [worker-pool] addWorker(~diagnostic~) {"metadata":{"emulator":{"name":"functions"},"message":"[worker-pool] addWorker(~diagnostic~)"}}
[debug] [2021-05-21T18:56:17.138Z] [worker-pool] Adding worker with key ~diagnostic~, total=2 {"metadata":{"emulator":{"name":"functions"},"message":"[worker-pool] Adding worker with key ~diagnostic~, total=2"}}
[debug] [2021-05-21T18:56:17.139Z] [worker-pool] submitWork(triggerId=) {"metadata":{"emulator":{"name":"functions"},"message":"[worker-pool] submitWork(triggerId=)"}}
[debug] [2021-05-21T18:56:17.139Z] [worker-~diagnostic~-88f91fed-598b-4f5c-8c28-6af719512241]: Assigning socketPath: \\?\pipe\C:\react folder\amazon-clone\functions\22016 {"metadata":{"emulator":{"name":"functions"},"message":"[worker-~diagnostic~-88f91fed-598b-4f5c-8c28-6af719512241]: Assigning socketPath: \\\\?\\pipe\\C:\\react folder\\amazon-clone\\functions\\22016"}}
[debug] [2021-05-21T18:56:17.139Z] [worker-~diagnostic~-88f91fed-598b-4f5c-8c28-6af719512241]: BUSY {"metadata":{"emulator":{"name":"functions"},"message":"[worker-~diagnostic~-88f91fed-598b-4f5c-8c28-6af719512241]: BUSY"}}
[debug] [2021-05-21T18:56:17.141Z] [worker-~diagnostic~-eab86699-0308-4df8-9688-10c99e4dd35c]: exited {"metadata":{"emulator":{"name":"functions"},"message":"[worker-~diagnostic~-eab86699-0308-4df8-9688-10c99e4dd35c]: exited"}}
[debug] [2021-05-21T18:56:17.143Z] [worker-~diagnostic~-eab86699-0308-4df8-9688-10c99e4dd35c]: FINISHED {"metadata":{"emulator":{"name":"functions"},"message":"[worker-~diagnostic~-eab86699-0308-4df8-9688-10c99e4dd35c]: FINISHED"}}
[debug] [2021-05-21T18:56:17.635Z] [runtime-status] [22016] Functions runtime initialized. {"cwd":"C:\\react folder\\amazon-clone\\functions","node_version":"14.16.1"} {"metadata":{"emulator":{"name":"functions"},"message":"[runtime-status] [22016] Functions runtime initialized. {\"cwd\":\"C:\\\\react folder\\\\amazon-clone\\\\functions\",\"node_version\":\"14.16.1\"}"}}
[debug] [2021-05-21T18:56:17.637Z] [runtime-status] [22016] Disabled runtime features: undefined {"metadata":{"emulator":{"name":"functions"},"message":"[runtime-status] [22016] Disabled runtime features: undefined"}}
[debug] [2021-05-21T18:56:17.645Z] [runtime-status] [22016] Resolved module firebase-admin {"declared":true,"installed":true,"version":"9.8.0","resolution":"C:\\react folder\\amazon-clone\\functions\\node_modules\\firebase-admin\\lib\\index.js"} {"metadata":{"emulator":{"name":"functions"},"message":"[runtime-status] [22016] Resolved module firebase-admin {\"declared\":true,\"installed\":true,\"version\":\"9.8.0\",\"resolution\":\"C:\\\\react folder\\\\amazon-clone\\\\functions\\\\node_modules\\\\firebase-admin\\\\lib\\\\index.js\"}"}}
[debug] [2021-05-21T18:56:17.648Z] [runtime-status] [22016] Resolved module firebase-functions {"declared":true,"installed":true,"version":"3.14.1","resolution":"C:\\react folder\\amazon-clone\\functions\\node_modules\\firebase-functions\\lib\\index.js"} {"metadata":{"emulator":{"name":"functions"},"message":"[runtime-status] [22016] Resolved module firebase-functions {\"declared\":true,\"installed\":true,\"version\":\"3.14.1\",\"resolution\":\"C:\\\\react folder\\\\amazon-clone\\\\functions\\\\node_modules\\\\firebase-functions\\\\lib\\\\index.js\"}"}}
[debug] [2021-05-21T18:56:17.651Z] [runtime-status] [22016] Resolved module firebase-functions {"declared":true,"installed":true,"version":"3.14.1","resolution":"C:\\react folder\\amazon-clone\\functions\\node_modules\\firebase-functions\\lib\\index.js"} {"metadata":{"emulator":{"name":"functions"},"message":"[runtime-status] [22016] Resolved module firebase-functions {\"declared\":true,\"installed\":true,\"version\":\"3.14.1\",\"resolution\":\"C:\\\\react folder\\\\amazon-clone\\\\functions\\\\node_modules\\\\firebase-functions\\\\lib\\\\index.js\"}"}}
[debug] [2021-05-21T18:56:17.654Z] [runtime-status] [22016] Outgoing network have been stubbed. [{"name":"http","status":"mocked"},{"name":"http","status":"mocked"},{"name":"https","status":"mocked"},{"name":"https","status":"mocked"},{"name":"net","status":"mocked"}] {"metadata":{"emulator":{"name":"functions"},"message":"[runtime-status] [22016] Outgoing network have been stubbed. [{\"name\":\"http\",\"status\":\"mocked\"},{\"name\":\"http\",\"status\":\"mocked\"},{\"name\":\"https\",\"status\":\"mocked\"},{\"name\":\"https\",\"status\":\"mocked\"},{\"name\":\"net\",\"status\":\"mocked\"}]"}}
[debug] [2021-05-21T18:56:17.656Z] [runtime-status] [22016] Resolved module firebase-functions {"declared":true,"installed":true,"version":"3.14.1","resolution":"C:\\react folder\\amazon-clone\\functions\\node_modules\\firebase-functions\\lib\\index.js"} {"metadata":{"emulator":{"name":"functions"},"message":"[runtime-status] [22016] Resolved module firebase-functions {\"declared\":true,\"installed\":true,\"version\":\"3.14.1\",\"resolution\":\"C:\\\\react folder\\\\amazon-clone\\\\functions\\\\node_modules\\\\firebase-functions\\\\lib\\\\index.js\"}"}}
[debug] [2021-05-21T18:56:17.794Z] [runtime-status] [22016] Checked functions.config() {"config":{}} {"metadata":{"emulator":{"name":"functions"},"message":"[runtime-status] [22016] Checked functions.config() {\"config\":{}}"}}
[debug] [2021-05-21T18:56:17.795Z] [runtime-status] [22016] firebase-functions has been stubbed. {"functionsResolution":{"declared":true,"installed":true,"version":"3.14.1","resolution":"C:\\react folder\\amazon-clone\\functions\\node_modules\\firebase-functions\\lib\\index.js"}} {"metadata":{"emulator":{"name":"functions"},"message":"[runtime-status] [22016] firebase-functions has been stubbed. {\"functionsResolution\":{\"declared\":true,\"installed\":true,\"version\":\"3.14.1\",\"resolution\":\"C:\\\\react folder\\\\amazon-clone\\\\functions\\\\node_modules\\\\firebase-functions\\\\lib\\\\index.js\"}}"}}
[debug] [2021-05-21T18:56:17.796Z] [runtime-status] [22016] Resolved module firebase-functions {"declared":true,"installed":true,"version":"3.14.1","resolution":"C:\\react folder\\amazon-clone\\functions\\node_modules\\firebase-functions\\lib\\index.js"} {"metadata":{"emulator":{"name":"functions"},"message":"[runtime-status] [22016] Resolved module firebase-functions {\"declared\":true,\"installed\":true,\"version\":\"3.14.1\",\"resolution\":\"C:\\\\react folder\\\\amazon-clone\\\\functions\\\\node_modules\\\\firebase-functions\\\\lib\\\\index.js\"}"}}
[debug] [2021-05-21T18:56:17.799Z] [runtime-status] [22016] Resolved module firebase-admin {"declared":true,"installed":true,"version":"9.8.0","resolution":"C:\\react folder\\amazon-clone\\functions\\node_modules\\firebase-admin\\lib\\index.js"} {"metadata":{"emulator":{"name":"functions"},"message":"[runtime-status] [22016] Resolved module firebase-admin {\"declared\":true,\"installed\":true,\"version\":\"9.8.0\",\"resolution\":\"C:\\\\react folder\\\\amazon-clone\\\\functions\\\\node_modules\\\\firebase-admin\\\\lib\\\\index.js\"}"}}
[debug] [2021-05-21T18:56:17.801Z] [runtime-status] [22016] Resolved module firebase-functions {"declared":true,"installed":true,"version":"3.14.1","resolution":"C:\\react folder\\amazon-clone\\functions\\node_modules\\firebase-functions\\lib\\index.js"} {"metadata":{"emulator":{"name":"functions"},"message":"[runtime-status] [22016] Resolved module firebase-functions {\"declared\":true,\"installed\":true,\"version\":\"3.14.1\",\"resolution\":\"C:\\\\react folder\\\\amazon-clone\\\\functions\\\\node_modules\\\\firebase-functions\\\\lib\\\\index.js\"}"}}
[debug] [2021-05-21T18:56:17.802Z] [runtime-status] [22016] firebase-admin has been stubbed. {"adminResolution":{"declared":true,"installed":true,"version":"9.8.0","resolution":"C:\\react folder\\amazon-clone\\functions\\node_modules\\firebase-admin\\lib\\index.js"}} {"metadata":{"emulator":{"name":"functions"},"message":"[runtime-status] [22016] firebase-admin has been stubbed. {\"adminResolution\":{\"declared\":true,\"installed\":true,\"version\":\"9.8.0\",\"resolution\":\"C:\\\\react folder\\\\amazon-clone\\\\functions\\\\node_modules\\\\firebase-admin\\\\lib\\\\index.js\"}}"}}
[debug] [2021-05-21T18:56:18.260Z] [worker-~diagnostic~-88f91fed-598b-4f5c-8c28-6af719512241]: IDLE {"metadata":{"emulator":{"name":"functions"},"message":"[worker-~diagnostic~-88f91fed-598b-4f5c-8c28-6af719512241]: IDLE"}}
[debug] [2021-05-21T18:56:35.377Z] [work-queue] {"queueLength":1,"workRunningCount":0}
[debug] [2021-05-21T18:56:35.377Z] [work-queue] {"queueLength":0,"workRunningCount":1}
[debug] [2021-05-21T18:56:35.377Z] Accepted request GET /challange-b7815/us-central1/api --> api
[debug] [2021-05-21T18:56:35.378Z] [worker-pool] Cleaned up workers for ~diagnostic~: 2 --> 1 {"metadata":{"emulator":{"name":"functions"},"message":"[worker-pool] Cleaned up workers for ~diagnostic~: 2 --> 1"}}
[debug] [2021-05-21T18:56:35.389Z] [worker-pool] addWorker(api) {"metadata":{"emulator":{"name":"functions"},"message":"[worker-pool] addWorker(api)"}}
[debug] [2021-05-21T18:56:35.389Z] [worker-pool] Adding worker with key api, total=1 {"metadata":{"emulator":{"name":"functions"},"message":"[worker-pool] Adding worker with key api, total=1"}}
[debug] [2021-05-21T18:56:35.389Z] [worker-pool] submitWork(triggerId=api) {"metadata":{"emulator":{"name":"functions"},"message":"[worker-pool] submitWork(triggerId=api)"}}
[debug] [2021-05-21T18:56:35.390Z] [worker-api-610a3593-e52f-445e-9fa6-ad61e7cbbbfe]: Assigning socketPath: \\?\pipe\C:\react folder\amazon-clone\functions\8464 {"metadata":{"emulator":{"name":"functions"},"message":"[worker-api-610a3593-e52f-445e-9fa6-ad61e7cbbbfe]: Assigning socketPath: \\\\?\\pipe\\C:\\react folder\\amazon-clone\\functions\\8464"}}
[debug] [2021-05-21T18:56:35.390Z] [worker-api-610a3593-e52f-445e-9fa6-ad61e7cbbbfe]: BUSY {"metadata":{"emulator":{"name":"functions"},"message":"[worker-api-610a3593-e52f-445e-9fa6-ad61e7cbbbfe]: BUSY"}}
[debug] [2021-05-21T18:56:35.769Z] [runtime-status] [8464] Functions runtime initialized. {"cwd":"C:\\react folder\\amazon-clone\\functions","node_version":"14.16.1"} {"metadata":{"emulator":{"name":"functions"},"function":{"name":"api"},"message":"[runtime-status] [8464] Functions runtime initialized. {\"cwd\":\"C:\\\\react folder\\\\amazon-clone\\\\functions\",\"node_version\":\"14.16.1\"}"}}
[debug] [2021-05-21T18:56:35.772Z] [runtime-status] [8464] Disabled runtime features: undefined {"metadata":{"emulator":{"name":"functions"},"function":{"name":"api"},"message":"[runtime-status] [8464] Disabled runtime features: undefined"}}
[debug] [2021-05-21T18:56:35.777Z] [runtime-status] [8464] Resolved module firebase-admin {"declared":true,"installed":true,"version":"9.8.0","resolution":"C:\\react folder\\amazon-clone\\functions\\node_modules\\firebase-admin\\lib\\index.js"} {"metadata":{"emulator":{"name":"functions"},"function":{"name":"api"},"message":"[runtime-status] [8464] Resolved module firebase-admin {\"declared\":true,\"installed\":true,\"version\":\"9.8.0\",\"resolution\":\"C:\\\\react folder\\\\amazon-clone\\\\functions\\\\node_modules\\\\firebase-admin\\\\lib\\\\index.js\"}"}}
[debug] [2021-05-21T18:56:35.780Z] [runtime-status] [8464] Resolved module firebase-functions {"declared":true,"installed":true,"version":"3.14.1","resolution":"C:\\react folder\\amazon-clone\\functions\\node_modules\\firebase-functions\\lib\\index.js"} {"metadata":{"emulator":{"name":"functions"},"function":{"name":"api"},"message":"[runtime-status] [8464] Resolved module firebase-functions {\"declared\":true,\"installed\":true,\"version\":\"3.14.1\",\"resolution\":\"C:\\\\react folder\\\\amazon-clone\\\\functions\\\\node_modules\\\\firebase-functions\\\\lib\\\\index.js\"}"}}
[debug] [2021-05-21T18:56:35.782Z] [runtime-status] [8464] Resolved module firebase-functions {"declared":true,"installed":true,"version":"3.14.1","resolution":"C:\\react folder\\amazon-clone\\functions\\node_modules\\firebase-functions\\lib\\index.js"} {"metadata":{"emulator":{"name":"functions"},"function":{"name":"api"},"message":"[runtime-status] [8464] Resolved module firebase-functions {\"declared\":true,\"installed\":true,\"version\":\"3.14.1\",\"resolution\":\"C:\\\\react folder\\\\amazon-clone\\\\functions\\\\node_modules\\\\firebase-functions\\\\lib\\\\index.js\"}"}}
[debug] [2021-05-21T18:56:35.785Z] [runtime-status] [8464] Outgoing network have been stubbed. [{"name":"http","status":"mocked"},{"name":"http","status":"mocked"},{"name":"https","status":"mocked"},{"name":"https","status":"mocked"},{"name":"net","status":"mocked"}] {"metadata":{"emulator":{"name":"functions"},"function":{"name":"api"},"message":"[runtime-status] [8464] Outgoing network have been stubbed. [{\"name\":\"http\",\"status\":\"mocked\"},{\"name\":\"http\",\"status\":\"mocked\"},{\"name\":\"https\",\"status\":\"mocked\"},{\"name\":\"https\",\"status\":\"mocked\"},{\"name\":\"net\",\"status\":\"mocked\"}]"}}
[debug] [2021-05-21T18:56:35.787Z] [runtime-status] [8464] Resolved module firebase-functions {"declared":true,"installed":true,"version":"3.14.1","resolution":"C:\\react folder\\amazon-clone\\functions\\node_modules\\firebase-functions\\lib\\index.js"} {"metadata":{"emulator":{"name":"functions"},"function":{"name":"api"},"message":"[runtime-status] [8464] Resolved module firebase-functions {\"declared\":true,\"installed\":true,\"version\":\"3.14.1\",\"resolution\":\"C:\\\\react folder\\\\amazon-clone\\\\functions\\\\node_modules\\\\firebase-functions\\\\lib\\\\index.js\"}"}}
[debug] [2021-05-21T18:56:35.862Z] [runtime-status] [8464] Checked functions.config() {"config":{}} {"metadata":{"emulator":{"name":"functions"},"function":{"name":"api"},"message":"[runtime-status] [8464] Checked functions.config() {\"config\":{}}"}}
[debug] [2021-05-21T18:56:35.863Z] [runtime-status] [8464] firebase-functions has been stubbed. {"functionsResolution":{"declared":true,"installed":true,"version":"3.14.1","resolution":"C:\\react folder\\amazon-clone\\functions\\node_modules\\firebase-functions\\lib\\index.js"}} {"metadata":{"emulator":{"name":"functions"},"function":{"name":"api"},"message":"[runtime-status] [8464] firebase-functions has been stubbed. {\"functionsResolution\":{\"declared\":true,\"installed\":true,\"version\":\"3.14.1\",\"resolution\":\"C:\\\\react folder\\\\amazon-clone\\\\functions\\\\node_modules\\\\firebase-functions\\\\lib\\\\index.js\"}}"}}
[debug] [2021-05-21T18:56:35.863Z] [runtime-status] [8464] Resolved module firebase-functions {"declared":true,"installed":true,"version":"3.14.1","resolution":"C:\\react folder\\amazon-clone\\functions\\node_modules\\firebase-functions\\lib\\index.js"} {"metadata":{"emulator":{"name":"functions"},"function":{"name":"api"},"message":"[runtime-status] [8464] Resolved module firebase-functions {\"declared\":true,\"installed\":true,\"version\":\"3.14.1\",\"resolution\":\"C:\\\\react folder\\\\amazon-clone\\\\functions\\\\node_modules\\\\firebase-functions\\\\lib\\\\index.js\"}"}}
[debug] [2021-05-21T18:56:35.865Z] [runtime-status] [8464] Resolved module firebase-admin {"declared":true,"installed":true,"version":"9.8.0","resolution":"C:\\react folder\\amazon-clone\\functions\\node_modules\\firebase-admin\\lib\\index.js"} {"metadata":{"emulator":{"name":"functions"},"function":{"name":"api"},"message":"[runtime-status] [8464] Resolved module firebase-admin {\"declared\":true,\"installed\":true,\"version\":\"9.8.0\",\"resolution\":\"C:\\\\react folder\\\\amazon-clone\\\\functions\\\\node_modules\\\\firebase-admin\\\\lib\\\\index.js\"}"}}
[debug] [2021-05-21T18:56:35.866Z] [runtime-status] [8464] Resolved module firebase-functions {"declared":true,"installed":true,"version":"3.14.1","resolution":"C:\\react folder\\amazon-clone\\functions\\node_modules\\firebase-functions\\lib\\index.js"} {"metadata":{"emulator":{"name":"functions"},"function":{"name":"api"},"message":"[runtime-status] [8464] Resolved module firebase-functions {\"declared\":true,\"installed\":true,\"version\":\"3.14.1\",\"resolution\":\"C:\\\\react folder\\\\amazon-clone\\\\functions\\\\node_modules\\\\firebase-functions\\\\lib\\\\index.js\"}"}}
[debug] [2021-05-21T18:56:35.866Z] [runtime-status] [8464] firebase-admin has been stubbed. {"adminResolution":{"declared":true,"installed":true,"version":"9.8.0","resolution":"C:\\react folder\\amazon-clone\\functions\\node_modules\\firebase-admin\\lib\\index.js"}} {"metadata":{"emulator":{"name":"functions"},"function":{"name":"api"},"message":"[runtime-status] [8464] firebase-admin has been stubbed. {\"adminResolution\":{\"declared\":true,\"installed\":true,\"version\":\"9.8.0\",\"resolution\":\"C:\\\\react folder\\\\amazon-clone\\\\functions\\\\node_modules\\\\firebase-admin\\\\lib\\\\index.js\"}}"}}
[debug] [2021-05-21T18:56:36.094Z] [runtime-status] [8464] Trigger "api" has been found, beginning invocation! {"metadata":{"emulator":{"name":"functions"},"function":{"name":"api"},"message":"[runtime-status] [8464] Trigger \"api\" has been found, beginning invocation!"}}
[info] i  functions: Beginning execution of "api" {"metadata":{"emulator":{"name":"functions"},"function":{"name":"api"},"message":"Beginning execution of \"api\""}}
[debug] [2021-05-21T18:56:36.096Z] [runtime-status] [8464] triggerDefinition {"httpsTrigger":{},"name":"api","entryPoint":"api"} {"metadata":{"emulator":{"name":"functions"},"function":{"name":"api"},"message":"[runtime-status] [8464] triggerDefinition {\"httpsTrigger\":{},\"name\":\"api\",\"entryPoint\":\"api\"}"}}
[debug] [2021-05-21T18:56:36.097Z] [runtime-status] [8464] Running api in mode HTTPS {"metadata":{"emulator":{"name":"functions"},"function":{"name":"api"},"message":"[runtime-status] [8464] Running api in mode HTTPS"}}
[debug] [2021-05-21T18:56:36.102Z] [runtime-status] [8464] Attempting to listen to socketPath: \\?\pipe\C:\react folder\amazon-clone\functions\8464 {"metadata":{"emulator":{"name":"functions"},"function":{"name":"api"},"message":"[runtime-status] [8464] Attempting to listen to socketPath: \\\\?\\pipe\\C:\\react folder\\amazon-clone\\functions\\8464"}}
[debug] [2021-05-21T18:56:36.115Z] [functions] Runtime ready! Sending request! {"metadata":{"emulator":{"name":"functions"},"message":"[functions] Runtime ready! Sending request!"}}
[debug] [2021-05-21T18:56:36.116Z] [functions] Got req.url=/challange-b7815/us-central1/api, mapping to path=/ {"metadata":{"emulator":{"name":"functions"},"message":"[functions] Got req.url=/challange-b7815/us-central1/api, mapping to path=/"}}
[debug] [2021-05-21T18:56:36.127Z] [runtime-status] [8464] Ephemeral server handling GET request {"metadata":{"emulator":{"name":"functions"},"function":{"name":"api"},"message":"[runtime-status] [8464] Ephemeral server handling GET request"}}
[debug] [2021-05-21T18:56:36.135Z] [runtime-status] [8464] Ephemeral server survived. {"metadata":{"emulator":{"name":"functions"},"function":{"name":"api"},"message":"[runtime-status] [8464] Ephemeral server survived."}}
[info] i  functions: Finished "api" in ~1s {"metadata":{"emulator":{"name":"functions"},"function":{"name":"api"},"message":"Finished \"api\" in ~1s"}}
[debug] [2021-05-21T18:56:36.142Z] [worker-api-610a3593-e52f-445e-9fa6-ad61e7cbbbfe]: IDLE {"metadata":{"emulator":{"name":"functions"},"message":"[worker-api-610a3593-e52f-445e-9fa6-ad61e7cbbbfe]: IDLE"}}
[debug] [2021-05-21T18:56:36.143Z] [work-queue] {"queueLength":0,"workRunningCount":0}
[debug] [2021-05-21T18:56:36.329Z] Functions emulator received unknown request at path /favicon.ico
[debug] [2021-05-21T19:06:15.518Z] File C:\react folder\amazon-clone\functions\index.js changed, reloading triggers {"metadata":{"emulator":{"name":"functions"},"message":"File C:\\react folder\\amazon-clone\\functions\\index.js changed, reloading triggers"}}
[debug] [2021-05-21T19:06:16.536Z] [worker-pool] Shutting down IDLE worker (~diagnostic~) {"metadata":{"emulator":{"name":"functions"},"message":"[worker-pool] Shutting down IDLE worker (~diagnostic~)"}}
[debug] [2021-05-21T19:06:16.537Z] [worker-~diagnostic~-88f91fed-598b-4f5c-8c28-6af719512241]: FINISHING {"metadata":{"emulator":{"name":"functions"},"message":"[worker-~diagnostic~-88f91fed-598b-4f5c-8c28-6af719512241]: FINISHING"}}
[debug] [2021-05-21T19:06:16.537Z] [worker-pool] Shutting down IDLE worker (api) {"metadata":{"emulator":{"name":"functions"},"message":"[worker-pool] Shutting down IDLE worker (api)"}}
[debug] [2021-05-21T19:06:16.538Z] [worker-api-610a3593-e52f-445e-9fa6-ad61e7cbbbfe]: FINISHING {"metadata":{"emulator":{"name":"functions"},"message":"[worker-api-610a3593-e52f-445e-9fa6-ad61e7cbbbfe]: FINISHING"}}
[debug] [2021-05-21T19:06:16.565Z] [worker-pool] addWorker(~diagnostic~) {"metadata":{"emulator":{"name":"functions"},"message":"[worker-pool] addWorker(~diagnostic~)"}}
[debug] [2021-05-21T19:06:16.565Z] [worker-pool] Adding worker with key ~diagnostic~, total=2 {"metadata":{"emulator":{"name":"functions"},"message":"[worker-pool] Adding worker with key ~diagnostic~, total=2"}}
[debug] [2021-05-21T19:06:16.565Z] [worker-pool] submitWork(triggerId=) {"metadata":{"emulator":{"name":"functions"},"message":"[worker-pool] submitWork(triggerId=)"}}
[debug] [2021-05-21T19:06:16.566Z] [worker-~diagnostic~-7b9f91b9-ae6e-4872-b165-c6d0345c2a31]: Assigning socketPath: \\?\pipe\C:\react folder\amazon-clone\functions\4960 {"metadata":{"emulator":{"name":"functions"},"message":"[worker-~diagnostic~-7b9f91b9-ae6e-4872-b165-c6d0345c2a31]: Assigning socketPath: \\\\?\\pipe\\C:\\react folder\\amazon-clone\\functions\\4960"}}
[debug] [2021-05-21T19:06:16.566Z] [worker-~diagnostic~-7b9f91b9-ae6e-4872-b165-c6d0345c2a31]: BUSY {"metadata":{"emulator":{"name":"functions"},"message":"[worker-~diagnostic~-7b9f91b9-ae6e-4872-b165-c6d0345c2a31]: BUSY"}}
[debug] [2021-05-21T19:06:16.567Z] [worker-api-610a3593-e52f-445e-9fa6-ad61e7cbbbfe]: exited {"metadata":{"emulator":{"name":"functions"},"message":"[worker-api-610a3593-e52f-445e-9fa6-ad61e7cbbbfe]: exited"}}
[debug] [2021-05-21T19:06:16.567Z] [worker-api-610a3593-e52f-445e-9fa6-ad61e7cbbbfe]: FINISHED {"metadata":{"emulator":{"name":"functions"},"message":"[worker-api-610a3593-e52f-445e-9fa6-ad61e7cbbbfe]: FINISHED"}}
[debug] [2021-05-21T19:06:16.567Z] [worker-~diagnostic~-88f91fed-598b-4f5c-8c28-6af719512241]: exited {"metadata":{"emulator":{"name":"functions"},"message":"[worker-~diagnostic~-88f91fed-598b-4f5c-8c28-6af719512241]: exited"}}
[debug] [2021-05-21T19:06:16.568Z] [worker-~diagnostic~-88f91fed-598b-4f5c-8c28-6af719512241]: FINISHED {"metadata":{"emulator":{"name":"functions"},"message":"[worker-~diagnostic~-88f91fed-598b-4f5c-8c28-6af719512241]: FINISHED"}}
[debug] [2021-05-21T19:06:17.266Z] [runtime-status] [4960] Functions runtime initialized. {"cwd":"C:\\react folder\\amazon-clone\\functions","node_version":"14.16.1"} {"metadata":{"emulator":{"name":"functions"},"message":"[runtime-status] [4960] Functions runtime initialized. {\"cwd\":\"C:\\\\react folder\\\\amazon-clone\\\\functions\",\"node_version\":\"14.16.1\"}"}}
[debug] [2021-05-21T19:06:17.271Z] [runtime-status] [4960] Disabled runtime features: undefined {"metadata":{"emulator":{"name":"functions"},"message":"[runtime-status] [4960] Disabled runtime features: undefined"}}
[debug] [2021-05-21T19:06:17.283Z] [runtime-status] [4960] Resolved module firebase-admin {"declared":true,"installed":true,"version":"9.8.0","resolution":"C:\\react folder\\amazon-clone\\functions\\node_modules\\firebase-admin\\lib\\index.js"} {"metadata":{"emulator":{"name":"functions"},"message":"[runtime-status] [4960] Resolved module firebase-admin {\"declared\":true,\"installed\":true,\"version\":\"9.8.0\",\"resolution\":\"C:\\\\react folder\\\\amazon-clone\\\\functions\\\\node_modules\\\\firebase-admin\\\\lib\\\\index.js\"}"}}
[debug] [2021-05-21T19:06:17.289Z] [runtime-status] [4960] Resolved module firebase-functions {"declared":true,"installed":true,"version":"3.14.1","resolution":"C:\\react folder\\amazon-clone\\functions\\node_modules\\firebase-functions\\lib\\index.js"} {"metadata":{"emulator":{"name":"functions"},"message":"[runtime-status] [4960] Resolved module firebase-functions {\"declared\":true,\"installed\":true,\"version\":\"3.14.1\",\"resolution\":\"C:\\\\react folder\\\\amazon-clone\\\\functions\\\\node_modules\\\\firebase-functions\\\\lib\\\\index.js\"}"}}
[debug] [2021-05-21T19:06:17.295Z] [runtime-status] [4960] Resolved module firebase-functions {"declared":true,"installed":true,"version":"3.14.1","resolution":"C:\\react folder\\amazon-clone\\functions\\node_modules\\firebase-functions\\lib\\index.js"} {"metadata":{"emulator":{"name":"functions"},"message":"[runtime-status] [4960] Resolved module firebase-functions {\"declared\":true,\"installed\":true,\"version\":\"3.14.1\",\"resolution\":\"C:\\\\react folder\\\\amazon-clone\\\\functions\\\\node_modules\\\\firebase-functions\\\\lib\\\\index.js\"}"}}
[debug] [2021-05-21T19:06:17.300Z] [runtime-status] [4960] Outgoing network have been stubbed. [{"name":"http","status":"mocked"},{"name":"http","status":"mocked"},{"name":"https","status":"mocked"},{"name":"https","status":"mocked"},{"name":"net","status":"mocked"}] {"metadata":{"emulator":{"name":"functions"},"message":"[runtime-status] [4960] Outgoing network have been stubbed. [{\"name\":\"http\",\"status\":\"mocked\"},{\"name\":\"http\",\"status\":\"mocked\"},{\"name\":\"https\",\"status\":\"mocked\"},{\"name\":\"https\",\"status\":\"mocked\"},{\"name\":\"net\",\"status\":\"mocked\"}]"}}
[debug] [2021-05-21T19:06:17.301Z] [runtime-status] [4960] Resolved module firebase-functions {"declared":true,"installed":true,"version":"3.14.1","resolution":"C:\\react folder\\amazon-clone\\functions\\node_modules\\firebase-functions\\lib\\index.js"} {"metadata":{"emulator":{"name":"functions"},"message":"[runtime-status] [4960] Resolved module firebase-functions {\"declared\":true,\"installed\":true,\"version\":\"3.14.1\",\"resolution\":\"C:\\\\react folder\\\\amazon-clone\\\\functions\\\\node_modules\\\\firebase-functions\\\\lib\\\\index.js\"}"}}
[debug] [2021-05-21T19:06:17.505Z] [runtime-status] [4960] Checked functions.config() {"config":{}} {"metadata":{"emulator":{"name":"functions"},"message":"[runtime-status] [4960] Checked functions.config() {\"config\":{}}"}}
[debug] [2021-05-21T19:06:17.506Z] [runtime-status] [4960] firebase-functions has been stubbed. {"functionsResolution":{"declared":true,"installed":true,"version":"3.14.1","resolution":"C:\\react folder\\amazon-clone\\functions\\node_modules\\firebase-functions\\lib\\index.js"}} {"metadata":{"emulator":{"name":"functions"},"message":"[runtime-status] [4960] firebase-functions has been stubbed. {\"functionsResolution\":{\"declared\":true,\"installed\":true,\"version\":\"3.14.1\",\"resolution\":\"C:\\\\react folder\\\\amazon-clone\\\\functions\\\\node_modules\\\\firebase-functions\\\\lib\\\\index.js\"}}"}}
[debug] [2021-05-21T19:06:17.507Z] [runtime-status] [4960] Resolved module firebase-functions {"declared":true,"installed":true,"version":"3.14.1","resolution":"C:\\react folder\\amazon-clone\\functions\\node_modules\\firebase-functions\\lib\\index.js"} {"metadata":{"emulator":{"name":"functions"},"message":"[runtime-status] [4960] Resolved module firebase-functions {\"declared\":true,\"installed\":true,\"version\":\"3.14.1\",\"resolution\":\"C:\\\\react folder\\\\amazon-clone\\\\functions\\\\node_modules\\\\firebase-functions\\\\lib\\\\index.js\"}"}}
[debug] [2021-05-21T19:06:17.513Z] [runtime-status] [4960] Resolved module firebase-admin {"declared":true,"installed":true,"version":"9.8.0","resolution":"C:\\react folder\\amazon-clone\\functions\\node_modules\\firebase-admin\\lib\\index.js"} {"metadata":{"emulator":{"name":"functions"},"message":"[runtime-status] [4960] Resolved module firebase-admin {\"declared\":true,\"installed\":true,\"version\":\"9.8.0\",\"resolution\":\"C:\\\\react folder\\\\amazon-clone\\\\functions\\\\node_modules\\\\firebase-admin\\\\lib\\\\index.js\"}"}}
[debug] [2021-05-21T19:06:17.515Z] [runtime-status] [4960] Resolved module firebase-functions {"declared":true,"installed":true,"version":"3.14.1","resolution":"C:\\react folder\\amazon-clone\\functions\\node_modules\\firebase-functions\\lib\\index.js"} {"metadata":{"emulator":{"name":"functions"},"message":"[runtime-status] [4960] Resolved module firebase-functions {\"declared\":true,\"installed\":true,\"version\":\"3.14.1\",\"resolution\":\"C:\\\\react folder\\\\amazon-clone\\\\functions\\\\node_modules\\\\firebase-functions\\\\lib\\\\index.js\"}"}}
[debug] [2021-05-21T19:06:17.516Z] [runtime-status] [4960] firebase-admin has been stubbed. {"adminResolution":{"declared":true,"installed":true,"version":"9.8.0","resolution":"C:\\react folder\\amazon-clone\\functions\\node_modules\\firebase-admin\\lib\\index.js"}} {"metadata":{"emulator":{"name":"functions"},"message":"[runtime-status] [4960] firebase-admin has been stubbed. {\"adminResolution\":{\"declared\":true,\"installed\":true,\"version\":\"9.8.0\",\"resolution\":\"C:\\\\react folder\\\\amazon-clone\\\\functions\\\\node_modules\\\\firebase-admin\\\\lib\\\\index.js\"}}"}}
[debug] [2021-05-21T19:06:18.089Z] [worker-~diagnostic~-7b9f91b9-ae6e-4872-b165-c6d0345c2a31]: IDLE {"metadata":{"emulator":{"name":"functions"},"message":"[worker-~diagnostic~-7b9f91b9-ae6e-4872-b165-c6d0345c2a31]: IDLE"}}
[debug] [2021-05-22T08:09:38.767Z] File C:\react folder\amazon-clone\functions\index.js changed, reloading triggers {"metadata":{"emulator":{"name":"functions"},"message":"File C:\\react folder\\amazon-clone\\functions\\index.js changed, reloading triggers"}}
[debug] [2021-05-22T08:09:39.817Z] [worker-pool] Shutting down IDLE worker (~diagnostic~) {"metadata":{"emulator":{"name":"functions"},"message":"[worker-pool] Shutting down IDLE worker (~diagnostic~)"}}
[debug] [2021-05-22T08:09:39.819Z] [worker-~diagnostic~-7b9f91b9-ae6e-4872-b165-c6d0345c2a31]: FINISHING {"metadata":{"emulator":{"name":"functions"},"message":"[worker-~diagnostic~-7b9f91b9-ae6e-4872-b165-c6d0345c2a31]: FINISHING"}}
[debug] [2021-05-22T08:09:39.827Z] [worker-pool] Cleaned up workers for ~diagnostic~: 2 --> 1 {"metadata":{"emulator":{"name":"functions"},"message":"[worker-pool] Cleaned up workers for ~diagnostic~: 2 --> 1"}}
[debug] [2021-05-22T08:09:39.829Z] [worker-pool] Cleaned up workers for api: 1 --> 0 {"metadata":{"emulator":{"name":"functions"},"message":"[worker-pool] Cleaned up workers for api: 1 --> 0"}}
[debug] [2021-05-22T08:09:39.928Z] [worker-pool] addWorker(~diagnostic~) {"metadata":{"emulator":{"name":"functions"},"message":"[worker-pool] addWorker(~diagnostic~)"}}
[debug] [2021-05-22T08:09:39.929Z] [worker-pool] Adding worker with key ~diagnostic~, total=2 {"metadata":{"emulator":{"name":"functions"},"message":"[worker-pool] Adding worker with key ~diagnostic~, total=2"}}
[debug] [2021-05-22T08:09:39.929Z] [worker-pool] submitWork(triggerId=) {"metadata":{"emulator":{"name":"functions"},"message":"[worker-pool] submitWork(triggerId=)"}}
[debug] [2021-05-22T08:09:39.933Z] [worker-~diagnostic~-ccc544ce-4715-491c-b49d-09c908365bd2]: Assigning socketPath: \\?\pipe\C:\react folder\amazon-clone\functions\12788 {"metadata":{"emulator":{"name":"functions"},"message":"[worker-~diagnostic~-ccc544ce-4715-491c-b49d-09c908365bd2]: Assigning socketPath: \\\\?\\pipe\\C:\\react folder\\amazon-clone\\functions\\12788"}}
[debug] [2021-05-22T08:09:39.934Z] [worker-~diagnostic~-ccc544ce-4715-491c-b49d-09c908365bd2]: BUSY {"metadata":{"emulator":{"name":"functions"},"message":"[worker-~diagnostic~-ccc544ce-4715-491c-b49d-09c908365bd2]: BUSY"}}
[debug] [2021-05-22T08:09:39.943Z] [worker-~diagnostic~-7b9f91b9-ae6e-4872-b165-c6d0345c2a31]: exited {"metadata":{"emulator":{"name":"functions"},"message":"[worker-~diagnostic~-7b9f91b9-ae6e-4872-b165-c6d0345c2a31]: exited"}}
[debug] [2021-05-22T08:09:39.943Z] [worker-~diagnostic~-7b9f91b9-ae6e-4872-b165-c6d0345c2a31]: FINISHED {"metadata":{"emulator":{"name":"functions"},"message":"[worker-~diagnostic~-7b9f91b9-ae6e-4872-b165-c6d0345c2a31]: FINISHED"}}
[debug] [2021-05-22T08:09:41.104Z] [runtime-status] [12788] Functions runtime initialized. {"cwd":"C:\\react folder\\amazon-clone\\functions","node_version":"14.16.1"} {"metadata":{"emulator":{"name":"functions"},"message":"[runtime-status] [12788] Functions runtime initialized. {\"cwd\":\"C:\\\\react folder\\\\amazon-clone\\\\functions\",\"node_version\":\"14.16.1\"}"}}
[debug] [2021-05-22T08:09:41.105Z] [runtime-status] [12788] Disabled runtime features: undefined {"metadata":{"emulator":{"name":"functions"},"message":"[runtime-status] [12788] Disabled runtime features: undefined"}}
[debug] [2021-05-22T08:09:41.115Z] [runtime-status] [12788] Resolved module firebase-admin {"declared":true,"installed":true,"version":"9.8.0","resolution":"C:\\react folder\\amazon-clone\\functions\\node_modules\\firebase-admin\\lib\\index.js"} {"metadata":{"emulator":{"name":"functions"},"message":"[runtime-status] [12788] Resolved module firebase-admin {\"declared\":true,\"installed\":true,\"version\":\"9.8.0\",\"resolution\":\"C:\\\\react folder\\\\amazon-clone\\\\functions\\\\node_modules\\\\firebase-admin\\\\lib\\\\index.js\"}"}}
[debug] [2021-05-22T08:09:41.122Z] [runtime-status] [12788] Resolved module firebase-functions {"declared":true,"installed":true,"version":"3.14.1","resolution":"C:\\react folder\\amazon-clone\\functions\\node_modules\\firebase-functions\\lib\\index.js"} {"metadata":{"emulator":{"name":"functions"},"message":"[runtime-status] [12788] Resolved module firebase-functions {\"declared\":true,\"installed\":true,\"version\":\"3.14.1\",\"resolution\":\"C:\\\\react folder\\\\amazon-clone\\\\functions\\\\node_modules\\\\firebase-functions\\\\lib\\\\index.js\"}"}}
[debug] [2021-05-22T08:09:41.129Z] [runtime-status] [12788] Resolved module firebase-functions {"declared":true,"installed":true,"version":"3.14.1","resolution":"C:\\react folder\\amazon-clone\\functions\\node_modules\\firebase-functions\\lib\\index.js"} {"metadata":{"emulator":{"name":"functions"},"message":"[runtime-status] [12788] Resolved module firebase-functions {\"declared\":true,\"installed\":true,\"version\":\"3.14.1\",\"resolution\":\"C:\\\\react folder\\\\amazon-clone\\\\functions\\\\node_modules\\\\firebase-functions\\\\lib\\\\index.js\"}"}}
[debug] [2021-05-22T08:09:41.135Z] [runtime-status] [12788] Outgoing network have been stubbed. [{"name":"http","status":"mocked"},{"name":"http","status":"mocked"},{"name":"https","status":"mocked"},{"name":"https","status":"mocked"},{"name":"net","status":"mocked"}] {"metadata":{"emulator":{"name":"functions"},"message":"[runtime-status] [12788] Outgoing network have been stubbed. [{\"name\":\"http\",\"status\":\"mocked\"},{\"name\":\"http\",\"status\":\"mocked\"},{\"name\":\"https\",\"status\":\"mocked\"},{\"name\":\"https\",\"status\":\"mocked\"},{\"name\":\"net\",\"status\":\"mocked\"}]"}}
[debug] [2021-05-22T08:09:41.136Z] [runtime-status] [12788] Resolved module firebase-functions {"declared":true,"installed":true,"version":"3.14.1","resolution":"C:\\react folder\\amazon-clone\\functions\\node_modules\\firebase-functions\\lib\\index.js"} {"metadata":{"emulator":{"name":"functions"},"message":"[runtime-status] [12788] Resolved module firebase-functions {\"declared\":true,\"installed\":true,\"version\":\"3.14.1\",\"resolution\":\"C:\\\\react folder\\\\amazon-clone\\\\functions\\\\node_modules\\\\firebase-functions\\\\lib\\\\index.js\"}"}}
[debug] [2021-05-22T08:09:41.314Z] [runtime-status] [12788] Checked functions.config() {"config":{}} {"metadata":{"emulator":{"name":"functions"},"message":"[runtime-status] [12788] Checked functions.config() {\"config\":{}}"}}
[debug] [2021-05-22T08:09:41.315Z] [runtime-status] [12788] firebase-functions has been stubbed. {"functionsResolution":{"declared":true,"installed":true,"version":"3.14.1","resolution":"C:\\react folder\\amazon-clone\\functions\\node_modules\\firebase-functions\\lib\\index.js"}} {"metadata":{"emulator":{"name":"functions"},"message":"[runtime-status] [12788] firebase-functions has been stubbed. {\"functionsResolution\":{\"declared\":true,\"installed\":true,\"version\":\"3.14.1\",\"resolution\":\"C:\\\\react folder\\\\amazon-clone\\\\functions\\\\node_modules\\\\firebase-functions\\\\lib\\\\index.js\"}}"}}
[debug] [2021-05-22T08:09:41.317Z] [runtime-status] [12788] Resolved module firebase-functions {"declared":true,"installed":true,"version":"3.14.1","resolution":"C:\\react folder\\amazon-clone\\functions\\node_modules\\firebase-functions\\lib\\index.js"} {"metadata":{"emulator":{"name":"functions"},"message":"[runtime-status] [12788] Resolved module firebase-functions {\"declared\":true,\"installed\":true,\"version\":\"3.14.1\",\"resolution\":\"C:\\\\react folder\\\\amazon-clone\\\\functions\\\\node_modules\\\\firebase-functions\\\\lib\\\\index.js\"}"}}
[debug] [2021-05-22T08:09:41.321Z] [runtime-status] [12788] Resolved module firebase-admin {"declared":true,"installed":true,"version":"9.8.0","resolution":"C:\\react folder\\amazon-clone\\functions\\node_modules\\firebase-admin\\lib\\index.js"} {"metadata":{"emulator":{"name":"functions"},"message":"[runtime-status] [12788] Resolved module firebase-admin {\"declared\":true,\"installed\":true,\"version\":\"9.8.0\",\"resolution\":\"C:\\\\react folder\\\\amazon-clone\\\\functions\\\\node_modules\\\\firebase-admin\\\\lib\\\\index.js\"}"}}
[debug] [2021-05-22T08:09:41.322Z] [runtime-status] [12788] Resolved module firebase-functions {"declared":true,"installed":true,"version":"3.14.1","resolution":"C:\\react folder\\amazon-clone\\functions\\node_modules\\firebase-functions\\lib\\index.js"} {"metadata":{"emulator":{"name":"functions"},"message":"[runtime-status] [12788] Resolved module firebase-functions {\"declared\":true,\"installed\":true,\"version\":\"3.14.1\",\"resolution\":\"C:\\\\react folder\\\\amazon-clone\\\\functions\\\\node_modules\\\\firebase-functions\\\\lib\\\\index.js\"}"}}
[debug] [2021-05-22T08:09:41.324Z] [runtime-status] [12788] firebase-admin has been stubbed. {"adminResolution":{"declared":true,"installed":true,"version":"9.8.0","resolution":"C:\\react folder\\amazon-clone\\functions\\node_modules\\firebase-admin\\lib\\index.js"}} {"metadata":{"emulator":{"name":"functions"},"message":"[runtime-status] [12788] firebase-admin has been stubbed. {\"adminResolution\":{\"declared\":true,\"installed\":true,\"version\":\"9.8.0\",\"resolution\":\"C:\\\\react folder\\\\amazon-clone\\\\functions\\\\node_modules\\\\firebase-admin\\\\lib\\\\index.js\"}}"}}
[debug] [2021-05-22T08:09:42.010Z] [worker-~diagnostic~-ccc544ce-4715-491c-b49d-09c908365bd2]: IDLE {"metadata":{"emulator":{"name":"functions"},"message":"[worker-~diagnostic~-ccc544ce-4715-491c-b49d-09c908365bd2]: IDLE"}}
[debug] [2021-05-22T08:10:50.890Z] File C:\react folder\amazon-clone\functions\index.js changed, reloading triggers {"metadata":{"emulator":{"name":"functions"},"message":"File C:\\react folder\\amazon-clone\\functions\\index.js changed, reloading triggers"}}
[debug] [2021-05-22T08:10:51.901Z] [worker-pool] Shutting down IDLE worker (~diagnostic~) {"metadata":{"emulator":{"name":"functions"},"message":"[worker-pool] Shutting down IDLE worker (~diagnostic~)"}}
[debug] [2021-05-22T08:10:51.901Z] [worker-~diagnostic~-ccc544ce-4715-491c-b49d-09c908365bd2]: FINISHING {"metadata":{"emulator":{"name":"functions"},"message":"[worker-~diagnostic~-ccc544ce-4715-491c-b49d-09c908365bd2]: FINISHING"}}
[debug] [2021-05-22T08:10:51.901Z] [worker-pool] Cleaned up workers for ~diagnostic~: 2 --> 1 {"metadata":{"emulator":{"name":"functions"},"message":"[worker-pool] Cleaned up workers for ~diagnostic~: 2 --> 1"}}
[debug] [2021-05-22T08:10:51.922Z] [worker-pool] addWorker(~diagnostic~) {"metadata":{"emulator":{"name":"functions"},"message":"[worker-pool] addWorker(~diagnostic~)"}}
[debug] [2021-05-22T08:10:51.922Z] [worker-pool] Adding worker with key ~diagnostic~, total=2 {"metadata":{"emulator":{"name":"functions"},"message":"[worker-pool] Adding worker with key ~diagnostic~, total=2"}}
[debug] [2021-05-22T08:10:51.922Z] [worker-pool] submitWork(triggerId=) {"metadata":{"emulator":{"name":"functions"},"message":"[worker-pool] submitWork(triggerId=)"}}
[debug] [2021-05-22T08:10:51.922Z] [worker-~diagnostic~-14bf6c6f-98dc-44ca-9c36-9c95b201a0a5]: Assigning socketPath: \\?\pipe\C:\react folder\amazon-clone\functions\7400 {"metadata":{"emulator":{"name":"functions"},"message":"[worker-~diagnostic~-14bf6c6f-98dc-44ca-9c36-9c95b201a0a5]: Assigning socketPath: \\\\?\\pipe\\C:\\react folder\\amazon-clone\\functions\\7400"}}
[debug] [2021-05-22T08:10:51.922Z] [worker-~diagnostic~-14bf6c6f-98dc-44ca-9c36-9c95b201a0a5]: BUSY {"metadata":{"emulator":{"name":"functions"},"message":"[worker-~diagnostic~-14bf6c6f-98dc-44ca-9c36-9c95b201a0a5]: BUSY"}}
[debug] [2021-05-22T08:10:51.923Z] [worker-~diagnostic~-ccc544ce-4715-491c-b49d-09c908365bd2]: exited {"metadata":{"emulator":{"name":"functions"},"message":"[worker-~diagnostic~-ccc544ce-4715-491c-b49d-09c908365bd2]: exited"}}
[debug] [2021-05-22T08:10:51.923Z] [worker-~diagnostic~-ccc544ce-4715-491c-b49d-09c908365bd2]: FINISHED {"metadata":{"emulator":{"name":"functions"},"message":"[worker-~diagnostic~-ccc544ce-4715-491c-b49d-09c908365bd2]: FINISHED"}}
[debug] [2021-05-22T08:10:52.471Z] [runtime-status] [7400] Functions runtime initialized. {"cwd":"C:\\react folder\\amazon-clone\\functions","node_version":"14.16.1"} {"metadata":{"emulator":{"name":"functions"},"message":"[runtime-status] [7400] Functions runtime initialized. {\"cwd\":\"C:\\\\react folder\\\\amazon-clone\\\\functions\",\"node_version\":\"14.16.1\"}"}}
[debug] [2021-05-22T08:10:52.472Z] [runtime-status] [7400] Disabled runtime features: undefined {"metadata":{"emulator":{"name":"functions"},"message":"[runtime-status] [7400] Disabled runtime features: undefined"}}
[debug] [2021-05-22T08:10:52.473Z] [runtime-status] [7400] Resolved module firebase-admin {"declared":true,"installed":true,"version":"9.8.0","resolution":"C:\\react folder\\amazon-clone\\functions\\node_modules\\firebase-admin\\lib\\index.js"} {"metadata":{"emulator":{"name":"functions"},"message":"[runtime-status] [7400] Resolved module firebase-admin {\"declared\":true,\"installed\":true,\"version\":\"9.8.0\",\"resolution\":\"C:\\\\react folder\\\\amazon-clone\\\\functions\\\\node_modules\\\\firebase-admin\\\\lib\\\\index.js\"}"}}
[debug] [2021-05-22T08:10:52.478Z] [runtime-status] [7400] Resolved module firebase-functions {"declared":true,"installed":true,"version":"3.14.1","resolution":"C:\\react folder\\amazon-clone\\functions\\node_modules\\firebase-functions\\lib\\index.js"} {"metadata":{"emulator":{"name":"functions"},"message":"[runtime-status] [7400] Resolved module firebase-functions {\"declared\":true,\"installed\":true,\"version\":\"3.14.1\",\"resolution\":\"C:\\\\react folder\\\\amazon-clone\\\\functions\\\\node_modules\\\\firebase-functions\\\\lib\\\\index.js\"}"}}
[debug] [2021-05-22T08:10:52.481Z] [runtime-status] [7400] Resolved module firebase-functions {"declared":true,"installed":true,"version":"3.14.1","resolution":"C:\\react folder\\amazon-clone\\functions\\node_modules\\firebase-functions\\lib\\index.js"} {"metadata":{"emulator":{"name":"functions"},"message":"[runtime-status] [7400] Resolved module firebase-functions {\"declared\":true,\"installed\":true,\"version\":\"3.14.1\",\"resolution\":\"C:\\\\react folder\\\\amazon-clone\\\\functions\\\\node_modules\\\\firebase-functions\\\\lib\\\\index.js\"}"}}
[debug] [2021-05-22T08:10:52.485Z] [runtime-status] [7400] Outgoing network have been stubbed. [{"name":"http","status":"mocked"},{"name":"http","status":"mocked"},{"name":"https","status":"mocked"},{"name":"https","status":"mocked"},{"name":"net","status":"mocked"}] {"metadata":{"emulator":{"name":"functions"},"message":"[runtime-status] [7400] Outgoing network have been stubbed. [{\"name\":\"http\",\"status\":\"mocked\"},{\"name\":\"http\",\"status\":\"mocked\"},{\"name\":\"https\",\"status\":\"mocked\"},{\"name\":\"https\",\"status\":\"mocked\"},{\"name\":\"net\",\"status\":\"mocked\"}]"}}
[debug] [2021-05-22T08:10:52.487Z] [runtime-status] [7400] Resolved module firebase-functions {"declared":true,"installed":true,"version":"3.14.1","resolution":"C:\\react folder\\amazon-clone\\functions\\node_modules\\firebase-functions\\lib\\index.js"} {"metadata":{"emulator":{"name":"functions"},"message":"[runtime-status] [7400] Resolved module firebase-functions {\"declared\":true,\"installed\":true,\"version\":\"3.14.1\",\"resolution\":\"C:\\\\react folder\\\\amazon-clone\\\\functions\\\\node_modules\\\\firebase-functions\\\\lib\\\\index.js\"}"}}
[debug] [2021-05-22T08:10:52.621Z] [runtime-status] [7400] Checked functions.config() {"config":{}} {"metadata":{"emulator":{"name":"functions"},"message":"[runtime-status] [7400] Checked functions.config() {\"config\":{}}"}}
[debug] [2021-05-22T08:10:52.621Z] [runtime-status] [7400] firebase-functions has been stubbed. {"functionsResolution":{"declared":true,"installed":true,"version":"3.14.1","resolution":"C:\\react folder\\amazon-clone\\functions\\node_modules\\firebase-functions\\lib\\index.js"}} {"metadata":{"emulator":{"name":"functions"},"message":"[runtime-status] [7400] firebase-functions has been stubbed. {\"functionsResolution\":{\"declared\":true,\"installed\":true,\"version\":\"3.14.1\",\"resolution\":\"C:\\\\react folder\\\\amazon-clone\\\\functions\\\\node_modules\\\\firebase-functions\\\\lib\\\\index.js\"}}"}}
[debug] [2021-05-22T08:10:52.622Z] [runtime-status] [7400] Resolved module firebase-functions {"declared":true,"installed":true,"version":"3.14.1","resolution":"C:\\react folder\\amazon-clone\\functions\\node_modules\\firebase-functions\\lib\\index.js"} {"metadata":{"emulator":{"name":"functions"},"message":"[runtime-status] [7400] Resolved module firebase-functions {\"declared\":true,\"installed\":true,\"version\":\"3.14.1\",\"resolution\":\"C:\\\\react folder\\\\amazon-clone\\\\functions\\\\node_modules\\\\firebase-functions\\\\lib\\\\index.js\"}"}}
[debug] [2021-05-22T08:10:52.627Z] [runtime-status] [7400] Resolved module firebase-admin {"declared":true,"installed":true,"version":"9.8.0","resolution":"C:\\react folder\\amazon-clone\\functions\\node_modules\\firebase-admin\\lib\\index.js"} {"metadata":{"emulator":{"name":"functions"},"message":"[runtime-status] [7400] Resolved module firebase-admin {\"declared\":true,\"installed\":true,\"version\":\"9.8.0\",\"resolution\":\"C:\\\\react folder\\\\amazon-clone\\\\functions\\\\node_modules\\\\firebase-admin\\\\lib\\\\index.js\"}"}}
[debug] [2021-05-22T08:10:52.630Z] [runtime-status] [7400] Resolved module firebase-functions {"declared":true,"installed":true,"version":"3.14.1","resolution":"C:\\react folder\\amazon-clone\\functions\\node_modules\\firebase-functions\\lib\\index.js"} {"metadata":{"emulator":{"name":"functions"},"message":"[runtime-status] [7400] Resolved module firebase-functions {\"declared\":true,\"installed\":true,\"version\":\"3.14.1\",\"resolution\":\"C:\\\\react folder\\\\amazon-clone\\\\functions\\\\node_modules\\\\firebase-functions\\\\lib\\\\index.js\"}"}}
[debug] [2021-05-22T08:10:52.631Z] [runtime-status] [7400] firebase-admin has been stubbed. {"adminResolution":{"declared":true,"installed":true,"version":"9.8.0","resolution":"C:\\react folder\\amazon-clone\\functions\\node_modules\\firebase-admin\\lib\\index.js"}} {"metadata":{"emulator":{"name":"functions"},"message":"[runtime-status] [7400] firebase-admin has been stubbed. {\"adminResolution\":{\"declared\":true,\"installed\":true,\"version\":\"9.8.0\",\"resolution\":\"C:\\\\react folder\\\\amazon-clone\\\\functions\\\\node_modules\\\\firebase-admin\\\\lib\\\\index.js\"}}"}}
[debug] [2021-05-22T08:10:53.187Z] [worker-~diagnostic~-14bf6c6f-98dc-44ca-9c36-9c95b201a0a5]: IDLE {"metadata":{"emulator":{"name":"functions"},"message":"[worker-~diagnostic~-14bf6c6f-98dc-44ca-9c36-9c95b201a0a5]: IDLE"}}
[info] i  hosting: 127.0.0.1 - - [22/May/2021:08:18:54 +0000] "GET / HTTP/1.1" 200 3032 "http://localhost:4000/" "Mozilla/5.0 (Windows NT 10.0; Win64; x64; rv:88.0) Gecko/20100101 Firefox/88.0" {"metadata":{"emulator":{"name":"hosting"},"message":"127.0.0.1 - - [22/May/2021:08:18:54 +0000] \"GET / HTTP/1.1\" 200 3032 \"http://localhost:4000/\" \"Mozilla/5.0 (Windows NT 10.0; Win64; x64; rv:88.0) Gecko/20100101 Firefox/88.0\""}}
[info] i  hosting: 127.0.0.1 - - [22/May/2021:08:18:54 +0000] "GET /static/css/main.ae760a68.chunk.css HTTP/1.1" 200 4618 "http://localhost:5000/" "Mozilla/5.0 (Windows NT 10.0; Win64; x64; rv:88.0) Gecko/20100101 Firefox/88.0" {"metadata":{"emulator":{"name":"hosting"},"message":"127.0.0.1 - - [22/May/2021:08:18:54 +0000] \"GET /static/css/main.ae760a68.chunk.css HTTP/1.1\" 200 4618 \"http://localhost:5000/\" \"Mozilla/5.0 (Windows NT 10.0; Win64; x64; rv:88.0) Gecko/20100101 Firefox/88.0\""}}
[info] i  hosting: 127.0.0.1 - - [22/May/2021:08:18:54 +0000] "GET /static/js/main.6851e5d4.chunk.js HTTP/1.1" 200 15158 "http://localhost:5000/" "Mozilla/5.0 (Windows NT 10.0; Win64; x64; rv:88.0) Gecko/20100101 Firefox/88.0" {"metadata":{"emulator":{"name":"hosting"},"message":"127.0.0.1 - - [22/May/2021:08:18:54 +0000] \"GET /static/js/main.6851e5d4.chunk.js HTTP/1.1\" 200 15158 \"http://localhost:5000/\" \"Mozilla/5.0 (Windows NT 10.0; Win64; x64; rv:88.0) Gecko/20100101 Firefox/88.0\""}}
[info] i  hosting: 127.0.0.1 - - [22/May/2021:08:18:55 +0000] "GET /static/js/2.a0069f49.chunk.js HTTP/1.1" 200 1138189 "http://localhost:5000/" "Mozilla/5.0 (Windows NT 10.0; Win64; x64; rv:88.0) Gecko/20100101 Firefox/88.0" {"metadata":{"emulator":{"name":"hosting"},"message":"127.0.0.1 - - [22/May/2021:08:18:55 +0000] \"GET /static/js/2.a0069f49.chunk.js HTTP/1.1\" 200 1138189 \"http://localhost:5000/\" \"Mozilla/5.0 (Windows NT 10.0; Win64; x64; rv:88.0) Gecko/20100101 Firefox/88.0\""}}
[info] i  hosting: 127.0.0.1 - - [22/May/2021:08:18:55 +0000] "GET /logo192.png HTTP/1.1" 200 5347 "http://localhost:5000/" "Mozilla/5.0 (Windows NT 10.0; Win64; x64; rv:88.0) Gecko/20100101 Firefox/88.0" {"metadata":{"emulator":{"name":"hosting"},"message":"127.0.0.1 - - [22/May/2021:08:18:55 +0000] \"GET /logo192.png HTTP/1.1\" 200 5347 \"http://localhost:5000/\" \"Mozilla/5.0 (Windows NT 10.0; Win64; x64; rv:88.0) Gecko/20100101 Firefox/88.0\""}}
[info] i  hosting: 127.0.0.1 - - [22/May/2021:08:18:55 +0000] "GET /favicon.ico HTTP/1.1" 200 3870 "http://localhost:5000/" "Mozilla/5.0 (Windows NT 10.0; Win64; x64; rv:88.0) Gecko/20100101 Firefox/88.0" {"metadata":{"emulator":{"name":"hosting"},"message":"127.0.0.1 - - [22/May/2021:08:18:55 +0000] \"GET /favicon.ico HTTP/1.1\" 200 3870 \"http://localhost:5000/\" \"Mozilla/5.0 (Windows NT 10.0; Win64; x64; rv:88.0) Gecko/20100101 Firefox/88.0\""}}
